Using pre-set license
Built from '2022.3/release' branch; Version is '2022.3.0f1 (fb119bb0b476) revision 16454043'; Using compiler version '192829333'; Build Type 'Release'
OS: 'Windows 10  (10.0.19045) 64bit Professional' Language: 'en' Physical Memory: 10222 MB
BatchMode: 1, IsHumanControllingUs: 0, StartBugReporterOnCrash: 0, Is64bit: 1, IsPro: 1

COMMAND LINE ARGUMENTS:
C:\Program Files\Unity\Hub\Editor\2022.3.0f1\Editor\Unity.exe
-adb2
-batchMode
-noUpm
-name
AssetImportWorker0
-projectPath
C:/Games_Temp/FNAF_Ripoff_2014
-logFile
Logs/AssetImportWorker0.log
-srvPort
51918
Successfully changed project path to: C:/Games_Temp/FNAF_Ripoff_2014
C:/Games_Temp/FNAF_Ripoff_2014
[UnityMemory] Configuration Parameters - Can be set up in boot.config
    "memorysetup-bucket-allocator-granularity=16"
    "memorysetup-bucket-allocator-bucket-count=8"
    "memorysetup-bucket-allocator-block-size=33554432"
    "memorysetup-bucket-allocator-block-count=8"
    "memorysetup-main-allocator-block-size=16777216"
    "memorysetup-thread-allocator-block-size=16777216"
    "memorysetup-gfx-main-allocator-block-size=16777216"
    "memorysetup-gfx-thread-allocator-block-size=16777216"
    "memorysetup-cache-allocator-block-size=4194304"
    "memorysetup-typetree-allocator-block-size=2097152"
    "memorysetup-profiler-bucket-allocator-granularity=16"
    "memorysetup-profiler-bucket-allocator-bucket-count=8"
    "memorysetup-profiler-bucket-allocator-block-size=33554432"
    "memorysetup-profiler-bucket-allocator-block-count=8"
    "memorysetup-profiler-allocator-block-size=16777216"
    "memorysetup-profiler-editor-allocator-block-size=1048576"
    "memorysetup-temp-allocator-size-main=16777216"
    "memorysetup-job-temp-allocator-block-size=2097152"
    "memorysetup-job-temp-allocator-block-size-background=1048576"
    "memorysetup-job-temp-allocator-reduction-small-platforms=262144"
    "memorysetup-allocator-temp-initial-block-size-main=262144"
    "memorysetup-allocator-temp-initial-block-size-worker=262144"
    "memorysetup-temp-allocator-size-background-worker=32768"
    "memorysetup-temp-allocator-size-job-worker=262144"
    "memorysetup-temp-allocator-size-preload-manager=33554432"
    "memorysetup-temp-allocator-size-nav-mesh-worker=65536"
    "memorysetup-temp-allocator-size-audio-worker=65536"
    "memorysetup-temp-allocator-size-cloud-worker=32768"
    "memorysetup-temp-allocator-size-gi-baking-worker=262144"
    "memorysetup-temp-allocator-size-gfx=262144"
Player connection [12172] Host "[IP] 192.168.1.111 [Port] 0 [Flags] 2 [Guid] 4168884913 [EditorId] 4168884913 [Version] 1048832 [Id] WindowsEditor(7,DESKTOP-GATCT0Q) [Debug] 1 [PackageName] WindowsEditor [ProjectName] Editor" joined multi-casting on [225.0.0.222:54997]...

Player connection [12172] Host "[IP] 192.168.1.111 [Port] 0 [Flags] 2 [Guid] 4168884913 [EditorId] 4168884913 [Version] 1048832 [Id] WindowsEditor(7,DESKTOP-GATCT0Q) [Debug] 1 [PackageName] WindowsEditor [ProjectName] Editor" joined alternative multi-casting on [225.0.0.222:34997]...

Refreshing native plugins compatible for Editor in 0.00 ms, found 0 plugins.
Preloading 0 native plugins for Editor in 0.00 ms.
Initialize engine version: 2022.3.0f1 (fb119bb0b476)
[Subsystems] Discovering subsystems at path C:/Program Files/Unity/Hub/Editor/2022.3.0f1/Editor/Data/Resources/UnitySubsystems
[Subsystems] Discovering subsystems at path C:/Games_Temp/FNAF_Ripoff_2014/Assets
GfxDevice: creating device client; threaded=0; jobified=0
Direct3D:
    Version:  Direct3D 11.0 [level 11.1]
    Renderer: NVIDIA GeForce GT 1030 (ID=0x1d01)
    Vendor:   NVIDIA
    VRAM:     1981 MB
    Driver:   31.0.15.3623
Initialize mono
Mono path[0] = 'C:/Program Files/Unity/Hub/Editor/2022.3.0f1/Editor/Data/Managed'
Mono path[1] = 'C:/Program Files/Unity/Hub/Editor/2022.3.0f1/Editor/Data/MonoBleedingEdge/lib/mono/unityjit-win32'
Mono config path = 'C:/Program Files/Unity/Hub/Editor/2022.3.0f1/Editor/Data/MonoBleedingEdge/etc'
Using monoOptions --debugger-agent=transport=dt_socket,embedding=1,server=y,suspend=n,address=127.0.0.1:56852
Begin MonoManager ReloadAssembly
Registering precompiled unity dll's ...
Register platform support module: C:/Program Files/Unity/Hub/Editor/2022.3.0f1/Editor/Data/PlaybackEngines/WebGLSupport/UnityEditor.WebGL.Extensions.dll
Register platform support module: C:/Program Files/Unity/Hub/Editor/2022.3.0f1/Editor/Data/PlaybackEngines/AndroidPlayer/UnityEditor.Android.Extensions.dll
Register platform support module: C:/Program Files/Unity/Hub/Editor/2022.3.0f1/Editor/Data/PlaybackEngines/WindowsStandaloneSupport/UnityEditor.WindowsStandalone.Extensions.dll
Registered in 0.066540 seconds.
- Loaded All Assemblies, in  3.596 seconds
Native extension for WindowsStandalone target not found
Native extension for Android target not found
Android Extension - Scanning For ADB Devices 1113 ms
Native extension for WebGL target not found
Mono: successfully reloaded assembly
- Finished resetting the current domain, in  2.646 seconds
Domain Reload Profiling: 6227ms
	BeginReloadAssembly (375ms)
		ExecutionOrderSort (0ms)
		DisableScriptedObjects (0ms)
		BackupInstance (0ms)
		ReleaseScriptingObjects (0ms)
		CreateAndSetChildDomain (6ms)
	RebuildCommonClasses (649ms)
	RebuildNativeTypeToScriptingClass (38ms)
	initialDomainReloadingComplete (269ms)
	LoadAllAssembliesAndSetupDomain (2248ms)
		LoadAssemblies (366ms)
		RebuildTransferFunctionScriptingTraits (0ms)
		AnalyzeDomain (2201ms)
			TypeCache.Refresh (2199ms)
				TypeCache.ScanAssembly (1274ms)
			ScanForSourceGeneratedMonoScriptInfo (1ms)
			ResolveRequiredComponents (1ms)
	FinalizeReload (2648ms)
		ReleaseScriptCaches (0ms)
		RebuildScriptCaches (0ms)
		SetupLoadedEditorAssemblies (2358ms)
			LogAssemblyErrors (0ms)
			InitializePlatformSupportModulesInManaged (1682ms)
			SetLoadedEditorAssemblies (16ms)
			RefreshPlugins (0ms)
			BeforeProcessingInitializeOnLoad (9ms)
			ProcessInitializeOnLoadAttributes (437ms)
			ProcessInitializeOnLoadMethodAttributes (215ms)
			AfterProcessingInitializeOnLoad (0ms)
			EditorAssembliesLoaded (0ms)
		ExecutionOrderSort2 (0ms)
		AwakeInstancesAfterBackupRestoration (0ms)
========================================================================
Worker process is ready to serve import requests
Begin MonoManager ReloadAssembly
- Loaded All Assemblies, in  3.232 seconds
Refreshing native plugins compatible for Editor in 0.00 ms, found 0 plugins.
Native extension for WindowsStandalone target not found
Native extension for Android target not found
Native extension for WebGL target not found
Mono: successfully reloaded assembly
- Finished resetting the current domain, in  1.774 seconds
Domain Reload Profiling: 4997ms
	BeginReloadAssembly (614ms)
		ExecutionOrderSort (0ms)
		DisableScriptedObjects (16ms)
		BackupInstance (0ms)
		ReleaseScriptingObjects (0ms)
		CreateAndSetChildDomain (61ms)
	RebuildCommonClasses (307ms)
	RebuildNativeTypeToScriptingClass (88ms)
	initialDomainReloadingComplete (184ms)
	LoadAllAssembliesAndSetupDomain (2030ms)
		LoadAssemblies (429ms)
		RebuildTransferFunctionScriptingTraits (0ms)
		AnalyzeDomain (1990ms)
			TypeCache.Refresh (1985ms)
				TypeCache.ScanAssembly (1937ms)
			ScanForSourceGeneratedMonoScriptInfo (2ms)
			ResolveRequiredComponents (3ms)
	FinalizeReload (1775ms)
		ReleaseScriptCaches (0ms)
		RebuildScriptCaches (0ms)
		SetupLoadedEditorAssemblies (961ms)
			LogAssemblyErrors (0ms)
			InitializePlatformSupportModulesInManaged (109ms)
			SetLoadedEditorAssemblies (26ms)
			RefreshPlugins (0ms)
			BeforeProcessingInitializeOnLoad (113ms)
			ProcessInitializeOnLoadAttributes (591ms)
			ProcessInitializeOnLoadMethodAttributes (76ms)
			AfterProcessingInitializeOnLoad (45ms)
			EditorAssembliesLoaded (1ms)
		ExecutionOrderSort2 (0ms)
		AwakeInstancesAfterBackupRestoration (23ms)
Launched and connected shader compiler UnityShaderCompiler.exe after 0.31 seconds
Refreshing native plugins compatible for Editor in 0.00 ms, found 0 plugins.
Preloading 0 native plugins for Editor in 0.00 ms.
Unloading 13 Unused Serialized files (Serialized files now loaded: 0)
Unloading 3 unused Assets / (48.5 KB). Loaded Objects now: 489.
Memory consumption went from 50.6 MB to 50.6 MB.
Total: 5.917900 ms (FindLiveObjects: 0.058500 ms CreateObjectMapping: 0.010000 ms MarkObjects: 5.739400 ms  DeleteObjects: 0.107900 ms)

AssetImportParameters requested are different than current active one (requested -> active):
  custom:video-decoder-ogg-theora: a1e56fd34408186e4bbccfd4996cb3dc -> 
  custom:container-muxer-webm: aa71ff27fc2769a1b78a27578f13a17b -> 
  custom:container-demuxer-webm: 4f35f7cbe854078d1ac9338744f61a02 -> 
  custom:video-encoder-webm-vp8: eb34c28f22e8b96e1ab97ce403110664 -> 
  custom:audio-encoder-webm-vorbis: bf7c407c2cedff20999df2af8eb42d56 -> 
  custom:framework-win-MediaFoundation: 216162199b28c13a410421893ffa2e32 -> 
  custom:container-demuxer-ogg: 62fdf1f143b41e24485cea50d1cbac27 -> 
  custom:video-decoder-webm-vp8: 9c59270c3fd7afecdb556c50c9e8de78 -> 
  custom:audio-decoder-ogg-vorbis: bf7c407c2cedff20999df2af8eb42d56 -> 
  custom:AudioImporter_EditorPlatform: d09bf68614088b80899f8185d706f6e7 -> 
========================================================================
Received Import Request.
  Time since last request: 1294.314201 seconds.
  path: Assets/Sounds/колыбельная - Ложкой снег мешая...ogg
  artifactKey: Guid(d48b5d390b91b53459ccceda4802a467) Importer(815301076,1909f56bfc062723c751e8b465ee728b)
Start importing Assets/Sounds/колыбельная - Ложкой снег мешая...ogg using Guid(d48b5d390b91b53459ccceda4802a467) Importer(815301076,1909f56bfc062723c751e8b465ee728b)  -> (artifact id: 'e236daefd917b0bb37c39301d45c0669') in 0.456355 seconds
Number of updated asset objects reloaded before import = 0
Number of asset objects unloaded after import = 2
========================================================================
Received Import Request.
  Time since last request: 0.000031 seconds.
  path: Assets/Sounds/bear.ogg
  artifactKey: Guid(1983f18d6a1eb0743aadd1c9af301cc7) Importer(815301076,1909f56bfc062723c751e8b465ee728b)
Start importing Assets/Sounds/bear.ogg using Guid(1983f18d6a1eb0743aadd1c9af301cc7) Importer(815301076,1909f56bfc062723c751e8b465ee728b)  -> (artifact id: '2e2ef21c47399be96b68b94c050950e1') in 0.023182 seconds
Number of updated asset objects reloaded before import = 0
Number of asset objects unloaded after import = 2
========================================================================
Received Import Request.
  Time since last request: 0.000039 seconds.
  path: Assets/Sounds/PIANO.mp3
  artifactKey: Guid(fa672657b191607469b9aba8a4a9d5dc) Importer(815301076,1909f56bfc062723c751e8b465ee728b)
Start importing Assets/Sounds/PIANO.mp3 using Guid(fa672657b191607469b9aba8a4a9d5dc) Importer(815301076,1909f56bfc062723c751e8b465ee728b)  -> (artifact id: '6e13c5f9348cd2dbab6e9d03c8d27325') in 0.029516 seconds
Number of updated asset objects reloaded before import = 0
Number of asset objects unloaded after import = 2
========================================================================
Received Import Request.
  Time since last request: 0.000037 seconds.
  path: Assets/Sounds/bear.wav
  artifactKey: Guid(4f4c9e27d8e53b944ba339812aaf1c3d) Importer(815301076,1909f56bfc062723c751e8b465ee728b)
Start importing Assets/Sounds/bear.wav using Guid(4f4c9e27d8e53b944ba339812aaf1c3d) Importer(815301076,1909f56bfc062723c751e8b465ee728b)  -> (artifact id: 'fac6670950b4544479a89ccfec1b83f7') in 0.003772 seconds
Number of updated asset objects reloaded before import = 0
Number of asset objects unloaded after import = 1
========================================================================
Received Import Request.
  Time since last request: 0.000022 seconds.
  path: Assets/Sounds/switch2.wav
  artifactKey: Guid(6b104b330ca52eb488e6a4a474516f6d) Importer(815301076,1909f56bfc062723c751e8b465ee728b)
Start importing Assets/Sounds/switch2.wav using Guid(6b104b330ca52eb488e6a4a474516f6d) Importer(815301076,1909f56bfc062723c751e8b465ee728b)  -> (artifact id: '8e2a0d1a1f0b29f683f99cb732fec055') in 0.021437 seconds
Number of updated asset objects reloaded before import = 0
Number of asset objects unloaded after import = 2
========================================================================
Received Import Request.
  Time since last request: 0.000026 seconds.
  path: Assets/Sounds/spowerincreasing_EDITED.ogg
  artifactKey: Guid(eb933515f9df8974c9abf821aa6dd4ce) Importer(815301076,1909f56bfc062723c751e8b465ee728b)
Start importing Assets/Sounds/spowerincreasing_EDITED.ogg using Guid(eb933515f9df8974c9abf821aa6dd4ce) Importer(815301076,1909f56bfc062723c751e8b465ee728b)  -> (artifact id: '07aeffb95074273b4f10796314452e5b') in 0.023990 seconds
Number of updated asset objects reloaded before import = 0
Number of asset objects unloaded after import = 2
========================================================================
Received Import Request.
  Time since last request: 0.000022 seconds.
  path: Assets/Sounds/8_09.WAV
  artifactKey: Guid(95ec39403f6cb4a4aa8a10f48111854d) Importer(815301076,1909f56bfc062723c751e8b465ee728b)
Start importing Assets/Sounds/8_09.WAV using Guid(95ec39403f6cb4a4aa8a10f48111854d) Importer(815301076,1909f56bfc062723c751e8b465ee728b)  -> (artifact id: '5030e152bf03c1847b6d0cf7fc5f4f48') in 0.019450 seconds
Number of updated asset objects reloaded before import = 0
Number of asset objects unloaded after import = 2
========================================================================
Received Import Request.
  Time since last request: 0.000034 seconds.
  path: Assets/Sounds/1EX00091.mp3
  artifactKey: Guid(90ac6ea2ffa16094a855d37c8bc60f47) Importer(815301076,1909f56bfc062723c751e8b465ee728b)
Start importing Assets/Sounds/1EX00091.mp3 using Guid(90ac6ea2ffa16094a855d37c8bc60f47) Importer(815301076,1909f56bfc062723c751e8b465ee728b)  -> (artifact id: '5bb231e0af332dcd5f58cd94b5ff3f4f') in 0.023009 seconds
Number of updated asset objects reloaded before import = 0
Number of asset objects unloaded after import = 2
========================================================================
Received Import Request.
  Time since last request: 0.000027 seconds.
  path: Assets/Sounds/door_SHORT.ogg
  artifactKey: Guid(f89000f020b7f2e489f3af63597e1626) Importer(815301076,1909f56bfc062723c751e8b465ee728b)
Start importing Assets/Sounds/door_SHORT.ogg using Guid(f89000f020b7f2e489f3af63597e1626) Importer(815301076,1909f56bfc062723c751e8b465ee728b)  -> (artifact id: '1aaa1ac0b89d97cf00909a09f8c87c21') in 0.022618 seconds
Number of updated asset objects reloaded before import = 0
Number of asset objects unloaded after import = 2
========================================================================
Received Import Request.
  Time since last request: 0.000025 seconds.
  path: Assets/Scenes/night_alpha.unity
  artifactKey: Guid(82eb13e1aa69400418082afe72ee3fdc) Importer(815301076,1909f56bfc062723c751e8b465ee728b)
Start importing Assets/Scenes/night_alpha.unity using Guid(82eb13e1aa69400418082afe72ee3fdc) Importer(815301076,1909f56bfc062723c751e8b465ee728b)  -> (artifact id: 'e9aecf155f073f606dcb24da317e686e') in 0.000792 seconds
Number of updated asset objects reloaded before import = 0
Number of asset objects unloaded after import = 0
========================================================================
Received Import Request.
  Time since last request: 0.000074 seconds.
  path: Assets/Scenes/night_alpha_CS.unity
  artifactKey: Guid(d8d298b7b8b3f9d41822dcec63c91d98) Importer(815301076,1909f56bfc062723c751e8b465ee728b)
Start importing Assets/Scenes/night_alpha_CS.unity using Guid(d8d298b7b8b3f9d41822dcec63c91d98) Importer(815301076,1909f56bfc062723c751e8b465ee728b)  -> (artifact id: 'b96a13e51107086347df494efe69f4fb') in 0.000611 seconds
Number of updated asset objects reloaded before import = 0
Number of asset objects unloaded after import = 0
========================================================================
Received Import Request.
  Time since last request: 0.000101 seconds.
  path: Assets/Sounds/glass-door-close-1.wav
  artifactKey: Guid(9cd947208ca63c54b8b5bd881a225f8b) Importer(815301076,1909f56bfc062723c751e8b465ee728b)
Start importing Assets/Sounds/glass-door-close-1.wav using Guid(9cd947208ca63c54b8b5bd881a225f8b) Importer(815301076,1909f56bfc062723c751e8b465ee728b)  -> (artifact id: '603d39b0a2ff2a251011f9a9ed38fe48') in 0.023771 seconds
Number of updated asset objects reloaded before import = 0
Number of asset objects unloaded after import = 2
========================================================================
Received Import Request.
  Time since last request: 0.000112 seconds.
  path: Assets/Sounds/doorlocked1.wav
  artifactKey: Guid(7c384aea2a1ed1c4dba5d43cda16a169) Importer(815301076,1909f56bfc062723c751e8b465ee728b)
Start importing Assets/Sounds/doorlocked1.wav using Guid(7c384aea2a1ed1c4dba5d43cda16a169) Importer(815301076,1909f56bfc062723c751e8b465ee728b)  -> (artifact id: 'c551b1910262566fb86f1086410ec1c4') in 0.020397 seconds
Number of updated asset objects reloaded before import = 0
Number of asset objects unloaded after import = 2
========================================================================
Received Import Request.
  Time since last request: 0.000025 seconds.
  path: Assets/Sounds/door.mp3
  artifactKey: Guid(eac3650dcf279b043b593934b21da48a) Importer(815301076,1909f56bfc062723c751e8b465ee728b)
Start importing Assets/Sounds/door.mp3 using Guid(eac3650dcf279b043b593934b21da48a) Importer(815301076,1909f56bfc062723c751e8b465ee728b)  -> (artifact id: '0bfa87ee5ad4742fd9fc32a9a50f4e46') in 0.045170 seconds
Number of updated asset objects reloaded before import = 0
Number of asset objects unloaded after import = 2
========================================================================
Received Import Request.
  Time since last request: 0.000030 seconds.
  path: Assets/Scenes
  artifactKey: Guid(8090af2a6451d1c40a395e9391e6c916) Importer(815301076,1909f56bfc062723c751e8b465ee728b)
Start importing Assets/Scenes using Guid(8090af2a6451d1c40a395e9391e6c916) Importer(815301076,1909f56bfc062723c751e8b465ee728b)  -> (artifact id: '45c4d9dbca0b5c3de21b1111ebf68dee') in 0.000641 seconds
Number of updated asset objects reloaded before import = 0
Number of asset objects unloaded after import = 0
========================================================================
Received Import Request.
  Time since last request: 0.000066 seconds.
  path: Assets/Sounds/8_09on2.ogg
  artifactKey: Guid(1484cfb6960e3844bb1a2cb17c0600ee) Importer(815301076,1909f56bfc062723c751e8b465ee728b)
Start importing Assets/Sounds/8_09on2.ogg using Guid(1484cfb6960e3844bb1a2cb17c0600ee) Importer(815301076,1909f56bfc062723c751e8b465ee728b)  -> (artifact id: '2cab1f104482fd99317633a5d6dbc995') in 0.021118 seconds
Number of updated asset objects reloaded before import = 0
Number of asset objects unloaded after import = 2
========================================================================
Received Import Request.
  Time since last request: 0.000023 seconds.
  path: Assets/Scenes/SampleScene.unity
  artifactKey: Guid(9fc0d4010bbf28b4594072e72b8655ab) Importer(815301076,1909f56bfc062723c751e8b465ee728b)
Start importing Assets/Scenes/SampleScene.unity using Guid(9fc0d4010bbf28b4594072e72b8655ab) Importer(815301076,1909f56bfc062723c751e8b465ee728b)  -> (artifact id: '347c80f12e0f8cbb0be5c3e0063b68fd') in 0.000828 seconds
Number of updated asset objects reloaded before import = 0
Number of asset objects unloaded after import = 0
========================================================================
Received Import Request.
  Time since last request: 0.000063 seconds.
  path: Assets/Sounds/8_09off.ogg
  artifactKey: Guid(fbb953cc43e63fb4c81e79237faf77d7) Importer(815301076,1909f56bfc062723c751e8b465ee728b)
Start importing Assets/Sounds/8_09off.ogg using Guid(fbb953cc43e63fb4c81e79237faf77d7) Importer(815301076,1909f56bfc062723c751e8b465ee728b)  -> (artifact id: '297da0341b048b35a4d606620c163680') in 0.023900 seconds
Number of updated asset objects reloaded before import = 0
Number of asset objects unloaded after import = 2
========================================================================
Received Import Request.
  Time since last request: 0.000024 seconds.
  path: Assets/Sounds/8_09on.ogg
  artifactKey: Guid(ce9c07b7100cb8b42b5d62409e78d0ef) Importer(815301076,1909f56bfc062723c751e8b465ee728b)
Start importing Assets/Sounds/8_09on.ogg using Guid(ce9c07b7100cb8b42b5d62409e78d0ef) Importer(815301076,1909f56bfc062723c751e8b465ee728b)  -> (artifact id: '81565d4d1c030641591e200e813c0f64') in 0.023186 seconds
Number of updated asset objects reloaded before import = 0
Number of asset objects unloaded after import = 2
========================================================================
Received Prepare
Begin MonoManager ReloadAssembly
- Loaded All Assemblies, in  0.622 seconds
Refreshing native plugins compatible for Editor in 0.00 ms, found 0 plugins.
Native extension for WindowsStandalone target not found
Native extension for Android target not found
Native extension for WebGL target not found
Mono: successfully reloaded assembly
- Finished resetting the current domain, in  3.283 seconds
Domain Reload Profiling: 3900ms
	BeginReloadAssembly (365ms)
		ExecutionOrderSort (0ms)
		DisableScriptedObjects (16ms)
		BackupInstance (0ms)
		ReleaseScriptingObjects (0ms)
		CreateAndSetChildDomain (49ms)
	RebuildCommonClasses (112ms)
	RebuildNativeTypeToScriptingClass (33ms)
	initialDomainReloadingComplete (76ms)
	LoadAllAssembliesAndSetupDomain (29ms)
		LoadAssemblies (242ms)
		RebuildTransferFunctionScriptingTraits (0ms)
		AnalyzeDomain (2ms)
			TypeCache.Refresh (0ms)
				TypeCache.ScanAssembly (0ms)
			ScanForSourceGeneratedMonoScriptInfo (0ms)
			ResolveRequiredComponents (1ms)
	FinalizeReload (3284ms)
		ReleaseScriptCaches (0ms)
		RebuildScriptCaches (0ms)
		SetupLoadedEditorAssemblies (2285ms)
			LogAssemblyErrors (0ms)
			InitializePlatformSupportModulesInManaged (107ms)
			SetLoadedEditorAssemblies (25ms)
			RefreshPlugins (0ms)
			BeforeProcessingInitializeOnLoad (1412ms)
			ProcessInitializeOnLoadAttributes (629ms)
			ProcessInitializeOnLoadMethodAttributes (66ms)
			AfterProcessingInitializeOnLoad (47ms)
			EditorAssembliesLoaded (1ms)
		ExecutionOrderSort2 (0ms)
		AwakeInstancesAfterBackupRestoration (43ms)
Refreshing native plugins compatible for Editor in 0.00 ms, found 0 plugins.
Preloading 0 native plugins for Editor in 0.00 ms.
Unloading 6 Unused Serialized files (Serialized files now loaded: 0)
Unloading 1 unused Assets / (13.9 KB). Loaded Objects now: 498.
Memory consumption went from 49.2 MB to 49.2 MB.
Total: 8.382800 ms (FindLiveObjects: 0.056400 ms CreateObjectMapping: 0.009400 ms MarkObjects: 8.291000 ms  DeleteObjects: 0.024800 ms)

Prepare: number of updated asset objects reloaded= 0
AssetImportParameters requested are different than current active one (requested -> active):
  custom:video-decoder-ogg-theora: a1e56fd34408186e4bbccfd4996cb3dc -> 
  custom:container-muxer-webm: aa71ff27fc2769a1b78a27578f13a17b -> 
  custom:container-demuxer-webm: 4f35f7cbe854078d1ac9338744f61a02 -> 
  custom:video-encoder-webm-vp8: eb34c28f22e8b96e1ab97ce403110664 -> 
  custom:audio-encoder-webm-vorbis: bf7c407c2cedff20999df2af8eb42d56 -> 
  custom:framework-win-MediaFoundation: 216162199b28c13a410421893ffa2e32 -> 
  custom:container-demuxer-ogg: 62fdf1f143b41e24485cea50d1cbac27 -> 
  custom:video-decoder-webm-vp8: 9c59270c3fd7afecdb556c50c9e8de78 -> 
  custom:audio-decoder-ogg-vorbis: bf7c407c2cedff20999df2af8eb42d56 -> 
  custom:AudioImporter_EditorPlatform: d09bf68614088b80899f8185d706f6e7 -> 
========================================================================
Received Import Request.
  Time since last request: 184.401727 seconds.
  path: Assets/Scripts
  artifactKey: Guid(e065bdbb545727e4eb2a94b6ac9bf5d5) Importer(815301076,1909f56bfc062723c751e8b465ee728b)
Start importing Assets/Scripts using Guid(e065bdbb545727e4eb2a94b6ac9bf5d5) Importer(815301076,1909f56bfc062723c751e8b465ee728b)  -> (artifact id: '8de6e6d3858af4a72f92a38408dbb634') in 0.004354 seconds
Number of updated asset objects reloaded before import = 0
Number of asset objects unloaded after import = 0
========================================================================
Received Import Request.
  Time since last request: 4.055216 seconds.
  path: Assets/Scripts/FreddyBearAI.js
  artifactKey: Guid(e4b0f065d8083ff46aa4b8a46d139db6) Importer(815301076,1909f56bfc062723c751e8b465ee728b)
Start importing Assets/Scripts/FreddyBearAI.js using Guid(e4b0f065d8083ff46aa4b8a46d139db6) Importer(815301076,1909f56bfc062723c751e8b465ee728b)  -> (artifact id: '193a7888ab982129599b077b98e27da2') in 0.030011 seconds
Number of updated asset objects reloaded before import = 0
Number of asset objects unloaded after import = 1
========================================================================
Received Prepare
Refreshing native plugins compatible for Editor in 0.00 ms, found 0 plugins.
Preloading 0 native plugins for Editor in 0.00 ms.
Unloading 0 Unused Serialized files (Serialized files now loaded: 0)
Unloading 1 unused Assets / (0.8 KB). Loaded Objects now: 498.
Memory consumption went from 49.2 MB to 49.2 MB.
Total: 7.693400 ms (FindLiveObjects: 0.061800 ms CreateObjectMapping: 0.008500 ms MarkObjects: 7.595400 ms  DeleteObjects: 0.026200 ms)

Prepare: number of updated asset objects reloaded= 0
AssetImportParameters requested are different than current active one (requested -> active):
  custom:video-decoder-ogg-theora: a1e56fd34408186e4bbccfd4996cb3dc -> 
  custom:container-muxer-webm: aa71ff27fc2769a1b78a27578f13a17b -> 
  custom:container-demuxer-webm: 4f35f7cbe854078d1ac9338744f61a02 -> 
  custom:video-encoder-webm-vp8: eb34c28f22e8b96e1ab97ce403110664 -> 
  custom:audio-encoder-webm-vorbis: bf7c407c2cedff20999df2af8eb42d56 -> 
  custom:framework-win-MediaFoundation: 216162199b28c13a410421893ffa2e32 -> 
  custom:container-demuxer-ogg: 62fdf1f143b41e24485cea50d1cbac27 -> 
  custom:video-decoder-webm-vp8: 9c59270c3fd7afecdb556c50c9e8de78 -> 
  custom:audio-decoder-ogg-vorbis: bf7c407c2cedff20999df2af8eb42d56 -> 
  custom:AudioImporter_EditorPlatform: d09bf68614088b80899f8185d706f6e7 -> 
